<!DOCTYPE html PUBLIC "-//W3C//DTD XHTML 1.1//EN" "http://www.w3.org/TR/xhtml11/DTD/xhtml11.dtd">
<html xmlns="http://www.w3.org/1999/xhtml"><head><title>TestNG Report</title><style type="text/css">table {margin-bottom:10px;border-collapse:collapse;empty-cells:show}th,td {border:1px solid #009;padding:.25em .5em}th {vertical-align:bottom}td {vertical-align:top}table a {font-weight:bold}.stripe td {background-color: #E6EBF9}.num {text-align:right}.passedodd td {background-color: #3F3}.passedeven td {background-color: #0A0}.skippedodd td {background-color: #DDD}.skippedeven td {background-color: #CCC}.failedodd td,.attn {background-color: #F33}.failedeven td,.stripe .attn {background-color: #D00}.stacktrace {white-space:pre;font-family:monospace}.totop {font-size:85%;text-align:center;border-bottom:2px solid #000}</style></head><body><table><tr><th>Test</th><th># Passed</th><th># Skipped</th><th># Failed</th><th>Time (ms)</th><th>Included Groups</th><th>Excluded Groups</th></tr><tr><th colspan="7">Suite</th></tr><tr><td><a href="#t0">Test</a></td><td class="num">1</td><td class="num attn">1</td><td class="num attn">2</td><td class="num">39,540</td><td></td><td></td></tr></table><table><thead><tr><th>Class</th><th>Method</th><th>Start</th><th>Time (ms)</th></tr></thead><tbody><tr><th colspan="4">Suite</th></tr></tbody><tbody id="t0"><tr><th colspan="4">Test &#8212; failed</th></tr><tr class="failedeven"><td rowspan="2">in.keys2javaselenium.newtour1.testrunner.NewToursRunner</td><td><a href="#m0">verifyRegistrationProcess</a></td><td rowspan="2">1481957842275</td><td rowspan="2">1802</td></tr><tr class="failedeven"><td><a href="#m1">verifyRegistrationProcess</a></td></tr><tr><th colspan="4">Test &#8212; skipped</th></tr><tr class="skippedeven"><td rowspan="1">in.keys2javaselenium.newtour1.testrunner.NewToursRunner</td><td><a href="#m2">verifyHomePage</a></td><td rowspan="1">1481957805659</td><td rowspan="1">0</td></tr><tr><th colspan="4">Test &#8212; passed</th></tr><tr class="passedeven"><td rowspan="1">in.keys2javaselenium.newtour1.testrunner.NewToursRunner</td><td><a href="#m3">verifyRegistrationProcess</a></td><td rowspan="1">1481957829212</td><td rowspan="1">1943</td></tr></tbody></table><h2>Test</h2><h3 id="m0">in.keys2javaselenium.newtour1.testrunner.NewToursRunner#verifyRegistrationProcess</h3><table class="result"><tr class="param"><th>Parameter #1</th><th>Parameter #2</th><th>Parameter #3</th><th>Parameter #4</th><th>Parameter #5</th><th>Parameter #6</th><th>Parameter #7</th><th>Parameter #8</th><th>Parameter #9</th><th>Parameter #10</th><th>Parameter #11</th><th>Parameter #12</th><th>Parameter #13</th><th>Parameter #14</th></tr><tr class="param stripe"><td>srilatha1</td><td>ky1</td><td>9900990090</td><td>kysrilatha@gmai.com</td><td>Bangalore</td><td>Bangalore</td><td>KA</td><td>560043</td><td>INDIA</td><td>selenium</td><td>test123</td><td>test123</td><td>Dear srilatha1 ky1 ,
Thank you for registering. You may now sign-in using the user name and password you&apos;ve just entered.
Note: Your user name is srilatha.</td><td>6</td></tr><tr><th colspan="14">Exception</th></tr><tr><td colspan="14"><div class="stacktrace">java.lang.AssertionError: expected [true] but found [false]
	at in.keys2javaselenium.newtour1.testrunner.NewToursRunner.verifyRegistrationProcess(NewToursRunner.java:84)
... Removed 29 stack frames</div></td></tr></table><p class="totop"><a href="#summary">back to summary</a></p><h3 id="m1">in.keys2javaselenium.newtour1.testrunner.NewToursRunner#verifyRegistrationProcess</h3><table class="result"><tr class="param"><th>Parameter #1</th><th>Parameter #2</th><th>Parameter #3</th><th>Parameter #4</th><th>Parameter #5</th><th>Parameter #6</th><th>Parameter #7</th><th>Parameter #8</th><th>Parameter #9</th><th>Parameter #10</th><th>Parameter #11</th><th>Parameter #12</th><th>Parameter #13</th><th>Parameter #14</th></tr><tr class="param stripe"><td>srilatha</td><td>ky</td><td>9900990099</td><td>kysrilatha@gmail.com</td><td>Bangalore</td><td>Bangalore</td><td>KA</td><td>560043</td><td>INDIA</td><td>selenium</td><td>test123</td><td>test123</td><td>Dear srilatha ky ,
Thank you for registering. You may now sign-in using the user name and password you&apos;ve just entered.
Note: Your user name is srilatha.</td><td>2</td></tr><tr><th colspan="14">Exception</th></tr><tr><td colspan="14"><div class="stacktrace">java.lang.AssertionError: expected [true] but found [false]
	at in.keys2javaselenium.newtour1.testrunner.NewToursRunner.verifyRegistrationProcess(NewToursRunner.java:84)
... Removed 29 stack frames</div></td></tr></table><p class="totop"><a href="#summary">back to summary</a></p><h3 id="m2">in.keys2javaselenium.newtour1.testrunner.NewToursRunner#verifyHomePage</h3><table class="result"><tr><th>Exception</th></tr><tr><td><div class="stacktrace">java.lang.RuntimeException: java.lang.NullPointerException
Caused by: java.lang.NullPointerException
	at in.keys2javaselenium.newtour1.utility.ExcelReader.storeCellDataForGivenTestCase(ExcelReader.java:59)
	... 22 more
... Removed 30 stack frames</div></td></tr></table><p class="totop"><a href="#summary">back to summary</a></p><h3 id="m3">in.keys2javaselenium.newtour1.testrunner.NewToursRunner#verifyRegistrationProcess</h3><table class="result"><tr class="param"><th>Parameter #1</th><th>Parameter #2</th><th>Parameter #3</th><th>Parameter #4</th><th>Parameter #5</th><th>Parameter #6</th><th>Parameter #7</th><th>Parameter #8</th><th>Parameter #9</th><th>Parameter #10</th><th>Parameter #11</th><th>Parameter #12</th><th>Parameter #13</th><th>Parameter #14</th></tr><tr class="param stripe"><td>Jit</td><td>nan</td><td>9900998765</td><td>jit@gmail.com</td><td>Bangalore</td><td>Bangalore</td><td>KA</td><td>560043</td><td>INDIA</td><td>selenium1</td><td>test222</td><td>test222</td><td>Dear Jit nan,
Thank you for registering. You may now sign-in using the user name and password you&apos;ve just entered.
Note: Your user name is jit.</td><td>3</td></tr></table><p class="totop"><a href="#summary">back to summary</a></p></body></html>