<?xml version="1.0" encoding="UTF-8"?>
<testng-results skipped="1" failed="2" total="4" passed="1">
  <reporter-output>
  </reporter-output>
  <suite name="Suite" duration-ms="39540" started-at="2016-12-17T06:56:44Z" finished-at="2016-12-17T06:57:24Z">
    <groups>
    </groups>
    <test name="Test" duration-ms="39540" started-at="2016-12-17T06:56:44Z" finished-at="2016-12-17T06:57:24Z">
      <class name="in.keys2javaselenium.newtour1.testrunner.NewToursRunner">
        <test-method status="SKIP" signature="verifyHomePage(java.lang.String, java.lang.String)[pri:10, instance:in.keys2javaselenium.newtour1.testrunner.NewToursRunner@4883b407]" name="verifyHomePage" duration-ms="0" started-at="2016-12-17T12:26:45Z" data-provider="newtours" finished-at="2016-12-17T12:26:45Z">
          <exception class="java.lang.RuntimeException">
            <message>
              <![CDATA[java.lang.NullPointerException]]>
            </message>
            <full-stacktrace>
              <![CDATA[java.lang.RuntimeException: java.lang.NullPointerException
	at org.testng.internal.MethodInvocationHelper.invokeMethodNoCheckedException(MethodInvocationHelper.java:45)
	at org.testng.internal.MethodInvocationHelper.invokeDataProvider(MethodInvocationHelper.java:110)
	at org.testng.internal.Parameters.handleParameters(Parameters.java:436)
	at org.testng.internal.Invoker.handleParameters(Invoker.java:1253)
	at org.testng.internal.Invoker.createParameters(Invoker.java:980)
	at org.testng.internal.Invoker.invokeTestMethods(Invoker.java:1070)
	at org.testng.internal.TestMethodWorker.invokeTestMethods(TestMethodWorker.java:129)
	at org.testng.internal.TestMethodWorker.run(TestMethodWorker.java:112)
	at org.testng.TestRunner.privateRun(TestRunner.java:753)
	at org.testng.TestRunner.run(TestRunner.java:607)
	at org.testng.SuiteRunner.runTest(SuiteRunner.java:368)
	at org.testng.SuiteRunner.runSequentially(SuiteRunner.java:363)
	at org.testng.SuiteRunner.privateRun(SuiteRunner.java:321)
	at org.testng.SuiteRunner.run(SuiteRunner.java:270)
	at org.testng.SuiteRunnerWorker.runSuite(SuiteRunnerWorker.java:52)
	at org.testng.SuiteRunnerWorker.run(SuiteRunnerWorker.java:86)
	at org.testng.TestNG.runSuitesSequentially(TestNG.java:1284)
	at org.testng.TestNG.runSuitesLocally(TestNG.java:1209)
	at org.testng.TestNG.runSuites(TestNG.java:1124)
	at org.testng.TestNG.run(TestNG.java:1096)
	at org.testng.remote.AbstractRemoteTestNG.run(AbstractRemoteTestNG.java:132)
	at org.testng.remote.RemoteTestNG.initAndRun(RemoteTestNG.java:236)
	at org.testng.remote.RemoteTestNG.main(RemoteTestNG.java:81)
Caused by: java.lang.NullPointerException
	at in.keys2javaselenium.newtour1.utility.ExcelReader.storeCellDataForGivenTestCase(ExcelReader.java:59)
	at sun.reflect.NativeMethodAccessorImpl.invoke0(Native Method)
	at sun.reflect.NativeMethodAccessorImpl.invoke(NativeMethodAccessorImpl.java:62)
	at sun.reflect.DelegatingMethodAccessorImpl.invoke(DelegatingMethodAccessorImpl.java:43)
	at java.lang.reflect.Method.invoke(Method.java:497)
	at org.testng.internal.MethodInvocationHelper.invokeMethod(MethodInvocationHelper.java:100)
	at org.testng.internal.MethodInvocationHelper.invokeMethod(MethodInvocationHelper.java:51)
	at org.testng.internal.MethodInvocationHelper.invokeMethodNoCheckedException(MethodInvocationHelper.java:41)
	... 22 more
]]>
            </full-stacktrace>
          </exception> <!-- java.lang.RuntimeException -->
          <reporter-output>
          </reporter-output>
        </test-method> <!-- verifyHomePage -->
        <test-method status="PASS" signature="init(java.lang.String, java.lang.String)[pri:0, instance:in.keys2javaselenium.newtour1.testrunner.NewToursRunner@4883b407]" name="init" is-config="true" duration-ms="11518" started-at="2016-12-17T12:26:45Z" finished-at="2016-12-17T12:26:57Z">
          <params>
            <param index="0">
              <value>
                <![CDATA[firefox]]>
              </value>
            </param>
            <param index="1">
              <value>
                <![CDATA[http://newtours.demoaut.com/]]>
              </value>
            </param>
          </params>
          <reporter-output>
          </reporter-output>
        </test-method> <!-- init -->
        <test-method status="FAIL" signature="verifyRegistrationProcess(java.lang.String, java.lang.String, java.lang.String, java.lang.String, java.lang.String, java.lang.String, java.lang.String, java.lang.String, java.lang.String, java.lang.String, java.lang.String, java.lang.String, java.lang.String, java.lang.String)[pri:20, instance:in.keys2javaselenium.newtour1.testrunner.NewToursRunner@4883b407]" name="verifyRegistrationProcess" duration-ms="2104" started-at="2016-12-17T12:26:57Z" data-provider="newtours" finished-at="2016-12-17T12:26:59Z">
          <params>
            <param index="0">
              <value>
                <![CDATA[srilatha]]>
              </value>
            </param>
            <param index="1">
              <value>
                <![CDATA[ky]]>
              </value>
            </param>
            <param index="2">
              <value>
                <![CDATA[9900990099]]>
              </value>
            </param>
            <param index="3">
              <value>
                <![CDATA[kysrilatha@gmail.com]]>
              </value>
            </param>
            <param index="4">
              <value>
                <![CDATA[Bangalore]]>
              </value>
            </param>
            <param index="5">
              <value>
                <![CDATA[Bangalore]]>
              </value>
            </param>
            <param index="6">
              <value>
                <![CDATA[KA]]>
              </value>
            </param>
            <param index="7">
              <value>
                <![CDATA[560043]]>
              </value>
            </param>
            <param index="8">
              <value>
                <![CDATA[INDIA]]>
              </value>
            </param>
            <param index="9">
              <value>
                <![CDATA[selenium]]>
              </value>
            </param>
            <param index="10">
              <value>
                <![CDATA[test123]]>
              </value>
            </param>
            <param index="11">
              <value>
                <![CDATA[test123]]>
              </value>
            </param>
            <param index="12">
              <value>
                <![CDATA[Dear srilatha ky ,
Thank you for registering. You may now sign-in using the user name and password you've just entered.
Note: Your user name is srilatha.]]>
              </value>
            </param>
            <param index="13">
              <value>
                <![CDATA[2]]>
              </value>
            </param>
          </params>
          <exception class="java.lang.AssertionError">
            <message>
              <![CDATA[expected [true] but found [false]]]>
            </message>
            <full-stacktrace>
              <![CDATA[java.lang.AssertionError: expected [true] but found [false]
	at org.testng.Assert.fail(Assert.java:94)
	at org.testng.Assert.failNotEquals(Assert.java:513)
	at org.testng.Assert.assertTrue(Assert.java:42)
	at org.testng.Assert.assertTrue(Assert.java:52)
	at in.keys2javaselenium.newtour1.testrunner.NewToursRunner.verifyRegistrationProcess(NewToursRunner.java:84)
	at sun.reflect.NativeMethodAccessorImpl.invoke0(Native Method)
	at sun.reflect.NativeMethodAccessorImpl.invoke(NativeMethodAccessorImpl.java:62)
	at sun.reflect.DelegatingMethodAccessorImpl.invoke(DelegatingMethodAccessorImpl.java:43)
	at java.lang.reflect.Method.invoke(Method.java:497)
	at org.testng.internal.MethodInvocationHelper.invokeMethod(MethodInvocationHelper.java:100)
	at org.testng.internal.Invoker.invokeMethod(Invoker.java:646)
	at org.testng.internal.Invoker.invokeTestMethod(Invoker.java:811)
	at org.testng.internal.Invoker.invokeTestMethods(Invoker.java:1137)
	at org.testng.internal.TestMethodWorker.invokeTestMethods(TestMethodWorker.java:129)
	at org.testng.internal.TestMethodWorker.run(TestMethodWorker.java:112)
	at org.testng.TestRunner.privateRun(TestRunner.java:753)
	at org.testng.TestRunner.run(TestRunner.java:607)
	at org.testng.SuiteRunner.runTest(SuiteRunner.java:368)
	at org.testng.SuiteRunner.runSequentially(SuiteRunner.java:363)
	at org.testng.SuiteRunner.privateRun(SuiteRunner.java:321)
	at org.testng.SuiteRunner.run(SuiteRunner.java:270)
	at org.testng.SuiteRunnerWorker.runSuite(SuiteRunnerWorker.java:52)
	at org.testng.SuiteRunnerWorker.run(SuiteRunnerWorker.java:86)
	at org.testng.TestNG.runSuitesSequentially(TestNG.java:1284)
	at org.testng.TestNG.runSuitesLocally(TestNG.java:1209)
	at org.testng.TestNG.runSuites(TestNG.java:1124)
	at org.testng.TestNG.run(TestNG.java:1096)
	at org.testng.remote.AbstractRemoteTestNG.run(AbstractRemoteTestNG.java:132)
	at org.testng.remote.RemoteTestNG.initAndRun(RemoteTestNG.java:236)
	at org.testng.remote.RemoteTestNG.main(RemoteTestNG.java:81)
]]>
            </full-stacktrace>
          </exception> <!-- java.lang.AssertionError -->
          <reporter-output>
          </reporter-output>
        </test-method> <!-- verifyRegistrationProcess -->
        <test-method status="PASS" signature="closeBrowsers()[pri:0, instance:in.keys2javaselenium.newtour1.testrunner.NewToursRunner@4883b407]" name="closeBrowsers" is-config="true" duration-ms="7" started-at="2016-12-17T12:26:59Z" finished-at="2016-12-17T12:26:59Z">
          <reporter-output>
          </reporter-output>
        </test-method> <!-- closeBrowsers -->
        <test-method status="PASS" signature="init(java.lang.String, java.lang.String)[pri:0, instance:in.keys2javaselenium.newtour1.testrunner.NewToursRunner@4883b407]" name="init" is-config="true" duration-ms="9485" started-at="2016-12-17T12:26:59Z" finished-at="2016-12-17T12:27:09Z">
          <params>
            <param index="0">
              <value>
                <![CDATA[firefox]]>
              </value>
            </param>
            <param index="1">
              <value>
                <![CDATA[http://newtours.demoaut.com/]]>
              </value>
            </param>
          </params>
          <reporter-output>
          </reporter-output>
        </test-method> <!-- init -->
        <test-method status="PASS" signature="verifyRegistrationProcess(java.lang.String, java.lang.String, java.lang.String, java.lang.String, java.lang.String, java.lang.String, java.lang.String, java.lang.String, java.lang.String, java.lang.String, java.lang.String, java.lang.String, java.lang.String, java.lang.String)[pri:20, instance:in.keys2javaselenium.newtour1.testrunner.NewToursRunner@4883b407]" name="verifyRegistrationProcess" duration-ms="1943" started-at="2016-12-17T12:27:09Z" data-provider="newtours" finished-at="2016-12-17T12:27:11Z">
          <params>
            <param index="0">
              <value>
                <![CDATA[Jit]]>
              </value>
            </param>
            <param index="1">
              <value>
                <![CDATA[nan]]>
              </value>
            </param>
            <param index="2">
              <value>
                <![CDATA[9900998765]]>
              </value>
            </param>
            <param index="3">
              <value>
                <![CDATA[jit@gmail.com]]>
              </value>
            </param>
            <param index="4">
              <value>
                <![CDATA[Bangalore]]>
              </value>
            </param>
            <param index="5">
              <value>
                <![CDATA[Bangalore]]>
              </value>
            </param>
            <param index="6">
              <value>
                <![CDATA[KA]]>
              </value>
            </param>
            <param index="7">
              <value>
                <![CDATA[560043]]>
              </value>
            </param>
            <param index="8">
              <value>
                <![CDATA[INDIA]]>
              </value>
            </param>
            <param index="9">
              <value>
                <![CDATA[selenium1]]>
              </value>
            </param>
            <param index="10">
              <value>
                <![CDATA[test222]]>
              </value>
            </param>
            <param index="11">
              <value>
                <![CDATA[test222]]>
              </value>
            </param>
            <param index="12">
              <value>
                <![CDATA[Dear Jit nan,
Thank you for registering. You may now sign-in using the user name and password you've just entered.
Note: Your user name is jit.]]>
              </value>
            </param>
            <param index="13">
              <value>
                <![CDATA[3]]>
              </value>
            </param>
          </params>
          <reporter-output>
          </reporter-output>
        </test-method> <!-- verifyRegistrationProcess -->
        <test-method status="PASS" signature="closeBrowsers()[pri:0, instance:in.keys2javaselenium.newtour1.testrunner.NewToursRunner@4883b407]" name="closeBrowsers" is-config="true" duration-ms="25" started-at="2016-12-17T12:27:11Z" finished-at="2016-12-17T12:27:11Z">
          <reporter-output>
          </reporter-output>
        </test-method> <!-- closeBrowsers -->
        <test-method status="PASS" signature="init(java.lang.String, java.lang.String)[pri:0, instance:in.keys2javaselenium.newtour1.testrunner.NewToursRunner@4883b407]" name="init" is-config="true" duration-ms="11093" started-at="2016-12-17T12:27:11Z" finished-at="2016-12-17T12:27:22Z">
          <params>
            <param index="0">
              <value>
                <![CDATA[firefox]]>
              </value>
            </param>
            <param index="1">
              <value>
                <![CDATA[http://newtours.demoaut.com/]]>
              </value>
            </param>
          </params>
          <reporter-output>
          </reporter-output>
        </test-method> <!-- init -->
        <test-method status="FAIL" signature="verifyRegistrationProcess(java.lang.String, java.lang.String, java.lang.String, java.lang.String, java.lang.String, java.lang.String, java.lang.String, java.lang.String, java.lang.String, java.lang.String, java.lang.String, java.lang.String, java.lang.String, java.lang.String)[pri:20, instance:in.keys2javaselenium.newtour1.testrunner.NewToursRunner@4883b407]" name="verifyRegistrationProcess" duration-ms="1802" started-at="2016-12-17T12:27:22Z" data-provider="newtours" finished-at="2016-12-17T12:27:24Z">
          <params>
            <param index="0">
              <value>
                <![CDATA[srilatha1]]>
              </value>
            </param>
            <param index="1">
              <value>
                <![CDATA[ky1]]>
              </value>
            </param>
            <param index="2">
              <value>
                <![CDATA[9900990090]]>
              </value>
            </param>
            <param index="3">
              <value>
                <![CDATA[kysrilatha@gmai.com]]>
              </value>
            </param>
            <param index="4">
              <value>
                <![CDATA[Bangalore]]>
              </value>
            </param>
            <param index="5">
              <value>
                <![CDATA[Bangalore]]>
              </value>
            </param>
            <param index="6">
              <value>
                <![CDATA[KA]]>
              </value>
            </param>
            <param index="7">
              <value>
                <![CDATA[560043]]>
              </value>
            </param>
            <param index="8">
              <value>
                <![CDATA[INDIA]]>
              </value>
            </param>
            <param index="9">
              <value>
                <![CDATA[selenium]]>
              </value>
            </param>
            <param index="10">
              <value>
                <![CDATA[test123]]>
              </value>
            </param>
            <param index="11">
              <value>
                <![CDATA[test123]]>
              </value>
            </param>
            <param index="12">
              <value>
                <![CDATA[Dear srilatha1 ky1 ,
Thank you for registering. You may now sign-in using the user name and password you've just entered.
Note: Your user name is srilatha.]]>
              </value>
            </param>
            <param index="13">
              <value>
                <![CDATA[6]]>
              </value>
            </param>
          </params>
          <exception class="java.lang.AssertionError">
            <message>
              <![CDATA[expected [true] but found [false]]]>
            </message>
            <full-stacktrace>
              <![CDATA[java.lang.AssertionError: expected [true] but found [false]
	at org.testng.Assert.fail(Assert.java:94)
	at org.testng.Assert.failNotEquals(Assert.java:513)
	at org.testng.Assert.assertTrue(Assert.java:42)
	at org.testng.Assert.assertTrue(Assert.java:52)
	at in.keys2javaselenium.newtour1.testrunner.NewToursRunner.verifyRegistrationProcess(NewToursRunner.java:84)
	at sun.reflect.NativeMethodAccessorImpl.invoke0(Native Method)
	at sun.reflect.NativeMethodAccessorImpl.invoke(NativeMethodAccessorImpl.java:62)
	at sun.reflect.DelegatingMethodAccessorImpl.invoke(DelegatingMethodAccessorImpl.java:43)
	at java.lang.reflect.Method.invoke(Method.java:497)
	at org.testng.internal.MethodInvocationHelper.invokeMethod(MethodInvocationHelper.java:100)
	at org.testng.internal.Invoker.invokeMethod(Invoker.java:646)
	at org.testng.internal.Invoker.invokeTestMethod(Invoker.java:811)
	at org.testng.internal.Invoker.invokeTestMethods(Invoker.java:1137)
	at org.testng.internal.TestMethodWorker.invokeTestMethods(TestMethodWorker.java:129)
	at org.testng.internal.TestMethodWorker.run(TestMethodWorker.java:112)
	at org.testng.TestRunner.privateRun(TestRunner.java:753)
	at org.testng.TestRunner.run(TestRunner.java:607)
	at org.testng.SuiteRunner.runTest(SuiteRunner.java:368)
	at org.testng.SuiteRunner.runSequentially(SuiteRunner.java:363)
	at org.testng.SuiteRunner.privateRun(SuiteRunner.java:321)
	at org.testng.SuiteRunner.run(SuiteRunner.java:270)
	at org.testng.SuiteRunnerWorker.runSuite(SuiteRunnerWorker.java:52)
	at org.testng.SuiteRunnerWorker.run(SuiteRunnerWorker.java:86)
	at org.testng.TestNG.runSuitesSequentially(TestNG.java:1284)
	at org.testng.TestNG.runSuitesLocally(TestNG.java:1209)
	at org.testng.TestNG.runSuites(TestNG.java:1124)
	at org.testng.TestNG.run(TestNG.java:1096)
	at org.testng.remote.AbstractRemoteTestNG.run(AbstractRemoteTestNG.java:132)
	at org.testng.remote.RemoteTestNG.initAndRun(RemoteTestNG.java:236)
	at org.testng.remote.RemoteTestNG.main(RemoteTestNG.java:81)
]]>
            </full-stacktrace>
          </exception> <!-- java.lang.AssertionError -->
          <reporter-output>
          </reporter-output>
        </test-method> <!-- verifyRegistrationProcess -->
        <test-method status="PASS" signature="closeBrowsers()[pri:0, instance:in.keys2javaselenium.newtour1.testrunner.NewToursRunner@4883b407]" name="closeBrowsers" is-config="true" duration-ms="13" started-at="2016-12-17T12:27:24Z" finished-at="2016-12-17T12:27:24Z">
          <reporter-output>
          </reporter-output>
        </test-method> <!-- closeBrowsers -->
      </class> <!-- in.keys2javaselenium.newtour1.testrunner.NewToursRunner -->
    </test> <!-- Test -->
  </suite> <!-- Suite -->
</testng-results>
