<?xml version="1.0" encoding="UTF-8"?>
<!-- Generated by org.testng.reporters.JUnitXMLReporter -->
<testsuite hostname="ACNAGARA-LAP" name="Test" tests="4" failures="2" timestamp="17 Dec 2016 06:57:24 GMT" time="39.54" errors="0">
  <testcase name="verifyHomePage" time="0.0" classname="in.keys2javaselenium.newtour1.testrunner.NewToursRunner">
    <skipped/>
  </testcase> <!-- verifyHomePage -->
  <testcase name="verifyRegistrationProcess" time="2.104" classname="in.keys2javaselenium.newtour1.testrunner.NewToursRunner">
    <failure type="java.lang.AssertionError" message="expected [true] but found [false]">
      <![CDATA[java.lang.AssertionError: expected [true] but found [false]
	at in.keys2javaselenium.newtour1.testrunner.NewToursRunner.verifyRegistrationProcess(NewToursRunner.java:84)
... Removed 29 stack frames]]>
    </failure>
  </testcase> <!-- verifyRegistrationProcess -->
  <testcase name="verifyRegistrationProcess" time="1.943" classname="in.keys2javaselenium.newtour1.testrunner.NewToursRunner"/>
  <testcase name="verifyRegistrationProcess" time="1.802" classname="in.keys2javaselenium.newtour1.testrunner.NewToursRunner">
    <failure type="java.lang.AssertionError" message="expected [true] but found [false]">
      <![CDATA[java.lang.AssertionError: expected [true] but found [false]
	at in.keys2javaselenium.newtour1.testrunner.NewToursRunner.verifyRegistrationProcess(NewToursRunner.java:84)
... Removed 29 stack frames]]>
    </failure>
  </testcase> <!-- verifyRegistrationProcess -->
</testsuite> <!-- Test -->
